<?xml version="1.0" encoding="UTF-8"?>
<robot generator="Robot 3.2.1 (Python 3.8.3 on darwin)" generated="20200516 18:21:04.991" rpa="false">
<suite id="s1" name="SearchGoogle TC" source="/Users/lamhotjmsiagian/python-selenium/TestCases/SearchGoogle_TC.robot">
<test id="s1-t1" name="TC_MO_001">
<kw name="Open Google Search Page" library="SearchGoogle">
<kw name="Open Browser" library="Selenium2Library">
<doc>Opens a new browser instance to the optional ``url``.</doc>
<arguments>
<arg>${URL}</arg>
<arg>${Browser}</arg>
</arguments>
<msg timestamp="20200516 18:21:05.177" level="INFO">Opening browser 'chrome' to base url 'https://www.google.co.th'.</msg>
<status status="PASS" starttime="20200516 18:21:05.176" endtime="20200516 18:21:09.023"></status>
</kw>
<kw name="Log To Console" library="BuiltIn">
<doc>Logs the given message to the console.</doc>
<arguments>
<arg>INFO : Execute on : ${Browser} Browser !!!!</arg>
</arguments>
<status status="PASS" starttime="20200516 18:21:09.023" endtime="20200516 18:21:09.024"></status>
</kw>
<kw name="Maximize Browser Window" library="Selenium2Library">
<doc>Maximizes current browser window.</doc>
<status status="PASS" starttime="20200516 18:21:09.024" endtime="20200516 18:21:09.181"></status>
</kw>
<kw name="Set Selenium Speed" library="Selenium2Library">
<doc>Sets the delay that is waited after each Selenium command.</doc>
<arguments>
<arg>${DELAY}</arg>
</arguments>
<status status="PASS" starttime="20200516 18:21:09.182" endtime="20200516 18:21:09.182"></status>
</kw>
<status status="PASS" starttime="20200516 18:21:05.176" endtime="20200516 18:21:09.182"></status>
</kw>
<kw name="Search on Google" library="SearchGoogle">
<kw name="Input Text" library="Selenium2Library">
<doc>Types the given ``text`` into the text field identified by ``locator``.</doc>
<arguments>
<arg>lst-ib</arg>
<arg>${SearchKeyword}</arg>
</arguments>
<msg timestamp="20200516 18:21:09.183" level="INFO">Typing text 'Nuttapon Saengsala' into text field 'lst-ib'.</msg>
<kw name="Capture Page Screenshot" library="Selenium2Library">
<doc>Takes a screenshot of the current page and embeds it into a log file.</doc>
<msg timestamp="20200516 18:21:09.682" level="INFO" html="yes">&lt;/td&gt;&lt;/tr&gt;&lt;tr&gt;&lt;td colspan="3"&gt;&lt;a href="selenium-screenshot-1.png"&gt;&lt;img src="selenium-screenshot-1.png" width="800px"&gt;&lt;/a&gt;</msg>
<status status="PASS" starttime="20200516 18:21:09.197" endtime="20200516 18:21:09.682"></status>
</kw>
<msg timestamp="20200516 18:21:09.689" level="FAIL">Element with locator 'lst-ib' not found.</msg>
<status status="FAIL" starttime="20200516 18:21:09.183" endtime="20200516 18:21:09.689"></status>
</kw>
<status status="FAIL" starttime="20200516 18:21:09.182" endtime="20200516 18:21:09.689"></status>
</kw>
<doc>Search some keywords on Google search</doc>
<tags>
<tag>Search</tag>
</tags>
<status status="FAIL" starttime="20200516 18:21:05.174" endtime="20200516 18:21:09.690" critical="yes">Element with locator 'lst-ib' not found.</status>
</test>
<status status="FAIL" starttime="20200516 18:21:04.994" endtime="20200516 18:21:09.691"></status>
</suite>
<statistics>
<total>
<stat pass="0" fail="1">Critical Tests</stat>
<stat pass="0" fail="1">All Tests</stat>
</total>
<tag>
<stat pass="0" fail="1">Search</stat>
</tag>
<suite>
<stat pass="0" fail="1" id="s1" name="SearchGoogle TC">SearchGoogle TC</stat>
</suite>
</statistics>
<errors>
</errors>
</robot>
